{"/home/fknight/MyProjects/LunaTicTacToe/backend/src/controllers/authController.ts": {"path":"/home/fknight/MyProjects/LunaTicTacToe/backend/src/controllers/authController.ts","statementMap":{"0":{"start":{"line":2,"column":0},"end":{"line":2,"column":51}},"1":{"start":{"line":6,"column":41},"end":{"line":6,"column":49}},"2":{"start":{"line":8,"column":2},"end":{"line":8,"column":52}},"3":{"start":{"line":10,"column":2},"end":{"line":10,"column":59}},"4":{"start":{"line":4,"column":0},"end":{"line":4,"column":7}},"5":{"start":{"line":15,"column":41},"end":{"line":15,"column":49}},"6":{"start":{"line":17,"column":16},"end":{"line":17,"column":62}},"7":{"start":{"line":19,"column":2},"end":{"line":19,"column":30}},"8":{"start":{"line":13,"column":0},"end":{"line":13,"column":7}}},"fnMap":{"0":{"name":"signUp","decl":{"start":{"line":4,"column":22},"end":{"line":4,"column":28}},"loc":{"start":{"line":4,"column":54},"end":{"line":11,"column":1}}},"1":{"name":"signIn","decl":{"start":{"line":13,"column":22},"end":{"line":13,"column":28}},"loc":{"start":{"line":13,"column":54},"end":{"line":20,"column":1}}}},"branchMap":{},"s":{"0":1,"1":5,"2":5,"3":4,"4":1,"5":3,"6":3,"7":1,"8":1},"f":{"0":5,"1":3},"b":{}}
,"/home/fknight/MyProjects/LunaTicTacToe/backend/src/routes/authRouter.ts": {"path":"/home/fknight/MyProjects/LunaTicTacToe/backend/src/routes/authRouter.ts","statementMap":{"0":{"start":{"line":1,"column":0},"end":{"line":1,"column":33}},"1":{"start":{"line":2,"column":0},"end":{"line":2,"column":63}},"2":{"start":{"line":3,"column":0},"end":{"line":3,"column":59}},"3":{"start":{"line":5,"column":19},"end":{"line":5,"column":27}},"4":{"start":{"line":7,"column":0},"end":{"line":7,"column":52}},"5":{"start":{"line":8,"column":0},"end":{"line":8,"column":52}},"6":{"start":{"line":10,"column":0},"end":{"line":10,"column":26}}},"fnMap":{},"branchMap":{},"s":{"0":1,"1":1,"2":1,"3":1,"4":1,"5":1,"6":1},"f":{},"b":{}}
,"/home/fknight/MyProjects/LunaTicTacToe/backend/src/routes/mainRouter.ts": {"path":"/home/fknight/MyProjects/LunaTicTacToe/backend/src/routes/mainRouter.ts","statementMap":{"0":{"start":{"line":1,"column":0},"end":{"line":1,"column":33}},"1":{"start":{"line":2,"column":0},"end":{"line":2,"column":38}},"2":{"start":{"line":4,"column":19},"end":{"line":4,"column":27}},"3":{"start":{"line":6,"column":0},"end":{"line":6,"column":27}},"4":{"start":{"line":8,"column":0},"end":{"line":8,"column":26}}},"fnMap":{},"branchMap":{},"s":{"0":1,"1":1,"2":1,"3":1,"4":1},"f":{},"b":{}}
,"/home/fknight/MyProjects/LunaTicTacToe/backend/src/services/authService.ts": {"path":"/home/fknight/MyProjects/LunaTicTacToe/backend/src/services/authService.ts","statementMap":{"0":{"start":{"line":2,"column":0},"end":{"line":2,"column":60}},"1":{"start":{"line":3,"column":0},"end":{"line":3,"column":57}},"2":{"start":{"line":4,"column":0},"end":{"line":4,"column":39}},"3":{"start":{"line":7,"column":20},"end":{"line":7,"column":64}},"4":{"start":{"line":9,"column":2},"end":{"line":9,"column":69}},"5":{"start":{"line":9,"column":16},"end":{"line":9,"column":69}},"6":{"start":{"line":11,"column":2},"end":{"line":11,"column":47}},"7":{"start":{"line":12,"column":2},"end":{"line":12,"column":36}},"8":{"start":{"line":16,"column":20},"end":{"line":16,"column":64}},"9":{"start":{"line":18,"column":2},"end":{"line":18,"column":66}},"10":{"start":{"line":18,"column":17},"end":{"line":18,"column":66}},"11":{"start":{"line":19,"column":2},"end":{"line":19,"column":96}},"12":{"start":{"line":19,"column":56},"end":{"line":19,"column":96}},"13":{"start":{"line":21,"column":16},"end":{"line":21,"column":45}},"14":{"start":{"line":23,"column":2},"end":{"line":23,"column":15}},"15":{"start":{"line":26,"column":21},"end":{"line":29,"column":2}},"16":{"start":{"line":31,"column":0},"end":{"line":31,"column":28}}},"fnMap":{"0":{"name":"register","decl":{"start":{"line":6,"column":15},"end":{"line":6,"column":23}},"loc":{"start":{"line":6,"column":37},"end":{"line":13,"column":1}}},"1":{"name":"login","decl":{"start":{"line":15,"column":15},"end":{"line":15,"column":20}},"loc":{"start":{"line":15,"column":34},"end":{"line":24,"column":1}}}},"branchMap":{"0":{"loc":{"start":{"line":9,"column":2},"end":{"line":9,"column":69}},"type":"if","locations":[{"start":{"line":9,"column":2},"end":{"line":9,"column":69}}]},"1":{"loc":{"start":{"line":18,"column":2},"end":{"line":18,"column":66}},"type":"if","locations":[{"start":{"line":18,"column":2},"end":{"line":18,"column":66}}]},"2":{"loc":{"start":{"line":19,"column":2},"end":{"line":19,"column":96}},"type":"if","locations":[{"start":{"line":19,"column":2},"end":{"line":19,"column":96}}]}},"s":{"0":2,"1":2,"2":2,"3":7,"4":7,"5":2,"6":5,"7":5,"8":4,"9":4,"10":1,"11":3,"12":1,"13":2,"14":2,"15":2,"16":2},"f":{"0":7,"1":4},"b":{"0":[2],"1":[1],"2":[1]}}
}
