{"/home/fknight/MyProjects/LunaTicTacToe/backend/src/controllers/authController.ts": {"path":"/home/fknight/MyProjects/LunaTicTacToe/backend/src/controllers/authController.ts","statementMap":{"0":{"start":{"line":2,"column":0},"end":{"line":2,"column":51}},"1":{"start":{"line":6,"column":41},"end":{"line":6,"column":49}},"2":{"start":{"line":8,"column":2},"end":{"line":8,"column":52}},"3":{"start":{"line":10,"column":2},"end":{"line":10,"column":59}},"4":{"start":{"line":4,"column":0},"end":{"line":4,"column":7}}},"fnMap":{"0":{"name":"signUp","decl":{"start":{"line":4,"column":22},"end":{"line":4,"column":28}},"loc":{"start":{"line":4,"column":54},"end":{"line":11,"column":1}}}},"branchMap":{},"s":{"0":1,"1":3,"2":3,"3":2,"4":1},"f":{"0":3},"b":{}}
,"/home/fknight/MyProjects/LunaTicTacToe/backend/src/routes/authRouter.ts": {"path":"/home/fknight/MyProjects/LunaTicTacToe/backend/src/routes/authRouter.ts","statementMap":{"0":{"start":{"line":1,"column":0},"end":{"line":1,"column":33}},"1":{"start":{"line":2,"column":0},"end":{"line":2,"column":55}},"2":{"start":{"line":3,"column":0},"end":{"line":3,"column":59}},"3":{"start":{"line":5,"column":19},"end":{"line":5,"column":27}},"4":{"start":{"line":7,"column":0},"end":{"line":7,"column":52}},"5":{"start":{"line":8,"column":0},"end":{"line":8,"column":28}},"6":{"start":{"line":10,"column":0},"end":{"line":10,"column":26}}},"fnMap":{},"branchMap":{},"s":{"0":1,"1":1,"2":1,"3":1,"4":1,"5":1,"6":1},"f":{},"b":{}}
,"/home/fknight/MyProjects/LunaTicTacToe/backend/src/routes/mainRouter.ts": {"path":"/home/fknight/MyProjects/LunaTicTacToe/backend/src/routes/mainRouter.ts","statementMap":{"0":{"start":{"line":1,"column":0},"end":{"line":1,"column":33}},"1":{"start":{"line":2,"column":0},"end":{"line":2,"column":38}},"2":{"start":{"line":4,"column":19},"end":{"line":4,"column":27}},"3":{"start":{"line":6,"column":0},"end":{"line":6,"column":27}},"4":{"start":{"line":8,"column":0},"end":{"line":8,"column":26}}},"fnMap":{},"branchMap":{},"s":{"0":1,"1":1,"2":1,"3":1,"4":1},"f":{},"b":{}}
,"/home/fknight/MyProjects/LunaTicTacToe/backend/src/services/authService.ts": {"path":"/home/fknight/MyProjects/LunaTicTacToe/backend/src/services/authService.ts","statementMap":{"0":{"start":{"line":2,"column":0},"end":{"line":2,"column":60}},"1":{"start":{"line":3,"column":0},"end":{"line":3,"column":57}},"2":{"start":{"line":4,"column":0},"end":{"line":4,"column":28}},"3":{"start":{"line":7,"column":20},"end":{"line":7,"column":64}},"4":{"start":{"line":9,"column":2},"end":{"line":9,"column":69}},"5":{"start":{"line":9,"column":16},"end":{"line":9,"column":69}},"6":{"start":{"line":11,"column":2},"end":{"line":11,"column":41}},"7":{"start":{"line":12,"column":2},"end":{"line":12,"column":36}},"8":{"start":{"line":15,"column":21},"end":{"line":17,"column":2}},"9":{"start":{"line":19,"column":0},"end":{"line":19,"column":28}},"10":{"start":{"line":22,"column":2},"end":{"line":22,"column":38}},"11":{"start":{"line":26,"column":2},"end":{"line":26,"column":52}}},"fnMap":{"0":{"name":"register","decl":{"start":{"line":6,"column":15},"end":{"line":6,"column":23}},"loc":{"start":{"line":6,"column":37},"end":{"line":13,"column":1}}},"1":{"name":"encrypt","decl":{"start":{"line":21,"column":9},"end":{"line":21,"column":16}},"loc":{"start":{"line":21,"column":32},"end":{"line":23,"column":1}}},"2":{"name":"decrypt","decl":{"start":{"line":25,"column":9},"end":{"line":25,"column":16}},"loc":{"start":{"line":25,"column":53},"end":{"line":27,"column":1}}}},"branchMap":{"0":{"loc":{"start":{"line":9,"column":2},"end":{"line":9,"column":69}},"type":"if","locations":[{"start":{"line":9,"column":2},"end":{"line":9,"column":69}}]}},"s":{"0":2,"1":2,"2":2,"3":5,"4":5,"5":2,"6":3,"7":3,"8":2,"9":2,"10":3,"11":0},"f":{"0":5,"1":3,"2":0},"b":{"0":[2]}}
}
