TN:
SF:src/controllers/authController.ts
FN:4,signUp
FNF:1
FNH:1
FNDA:1,signUp
DA:2,1
DA:4,1
DA:6,1
DA:8,1
DA:10,1
LF:5
LH:5
BRF:0
BRH:0
end_of_record
TN:
SF:src/routes/authRouter.ts
FNF:0
FNH:0
DA:1,1
DA:2,1
DA:3,1
DA:5,1
DA:7,1
DA:8,1
DA:10,1
LF:7
LH:7
BRF:0
BRH:0
end_of_record
TN:
SF:src/routes/mainRouter.ts
FNF:0
FNH:0
DA:1,1
DA:2,1
DA:4,1
DA:6,1
DA:8,1
LF:5
LH:5
BRF:0
BRH:0
end_of_record
TN:
SF:src/services/authService.ts
FN:6,register
FN:21,encrypt
FN:25,decrypt
FNF:3
FNH:2
FNDA:1,register
FNDA:1,encrypt
FNDA:0,decrypt
DA:2,1
DA:3,1
DA:4,1
DA:7,1
DA:9,1
DA:11,1
DA:12,1
DA:15,1
DA:19,1
DA:22,1
DA:26,0
LF:11
LH:10
BRDA:9,0,0,0
BRF:1
BRH:0
end_of_record
