TN:
SF:src/controllers/authController.ts
FN:4,signUp
FN:13,signIn
FNF:2
FNH:2
FNDA:5,signUp
FNDA:3,signIn
DA:2,1
DA:4,1
DA:6,5
DA:8,5
DA:10,4
DA:13,1
DA:15,3
DA:17,3
DA:19,1
LF:9
LH:9
BRF:0
BRH:0
end_of_record
TN:
SF:src/routes/authRouter.ts
FNF:0
FNH:0
DA:1,1
DA:2,1
DA:3,1
DA:5,1
DA:7,1
DA:8,1
DA:10,1
LF:7
LH:7
BRF:0
BRH:0
end_of_record
TN:
SF:src/routes/mainRouter.ts
FNF:0
FNH:0
DA:1,1
DA:2,1
DA:4,1
DA:6,1
DA:8,1
LF:5
LH:5
BRF:0
BRH:0
end_of_record
TN:
SF:src/services/authService.ts
FN:6,register
FN:15,login
FNF:2
FNH:2
FNDA:7,register
FNDA:4,login
DA:2,2
DA:3,2
DA:4,2
DA:7,7
DA:9,7
DA:11,5
DA:12,5
DA:16,4
DA:18,4
DA:19,3
DA:21,2
DA:23,2
DA:26,2
DA:31,2
LF:14
LH:14
BRDA:9,0,0,2
BRDA:18,1,0,1
BRDA:19,2,0,1
BRF:3
BRH:3
end_of_record
